C51 COMPILER V9.60.0.0   FLASH                                                             03/06/2023 08:00:30 PAGE 1   


C51 COMPILER V9.60.0.0, COMPILATION OF MODULE FLASH
OBJECT MODULE PLACED IN .\Objects\flash.obj
COMPILER INVOKED BY: C:\Keil_v5\C51\BIN\C51.EXE flash.c OPTIMIZE(7,SPEED) BROWSE INCDIR(.\inc;.\Library\Device\Include;.
                    -\Library\StdDriver\inc;..\Project) DEBUG OBJECTEXTEND PRINT(.\Listings\flash.lst) TABS(2) OBJECT(.\Objects\flash.obj)

line level    source

   1          /**
   2            ******************************************************************************************
   3            *  @file    flash.h
   4            *  @author  phucpv
   5            *  @version 1.0
   6            *  @date    15/06/2022
   7            *  @brief   flash for MS51FB9AE.
   8            ******************************************************************************************
   9            *  @attention
  10            *  1. Any commercial product related to this source code is required to specify the source.
  11            *  <h2><center>&copy; COPYRIGHT 2022 xxx.com </center></h2>
  12            ******************************************************************************************
  13          */
  14          #include "MS51_16K.H"
  15          #include "flash.h"
  16          #include "hw_config.h"
  17          
  18          void check_flash(){
  19   1      }
  20          
  21          static void flash_init(void)
  22          {
  23   1      //  uint8_t temp;
  24   1      //  temp = Read_APROM_BYTE(LAST_STATE_ADDRESS);
  25   1      //  
  26   1      //  if( temp != 0xFF)
  27   1      //  {
  28   1      //    s_temp_set = temp;
  29   1      //  }
  30   1      }
  31          /**
  32            @}
  33          */
  34          
  35          /**
  36            @}
  37          */
  38          
  39          /**
  40            @}
  41          */
  42          /******************** (C) COPYRIGHT 2022 xxx.com *****END OF FILE************/


MODULE INFORMATION:   STATIC OVERLAYABLE
   CODE SIZE        =      2    ----
   CONSTANT SIZE    =   ----    ----
   XDATA SIZE       =   ----    ----
   PDATA SIZE       =   ----    ----
   DATA SIZE        =   ----    ----
   IDATA SIZE       =   ----    ----
   BIT SIZE         =   ----    ----
END OF MODULE INFORMATION.


C51 COMPILATION COMPLETE.  0 WARNING(S),  0 ERROR(S)
