C51 COMPILER V9.60.0.0   WDT                                                               03/18/2023 00:00:05 PAGE 1   


C51 COMPILER V9.60.0.0, COMPILATION OF MODULE WDT
OBJECT MODULE PLACED IN .\Objects\wdt.obj
COMPILER INVOKED BY: C:\Keil_v5\C51\BIN\C51.EXE src\wdt.c OPTIMIZE(7,SPEED) BROWSE INCDIR(.\inc;.\Library\Device\Include
                    -;.\Library\StdDriver\inc;..\Project) DEBUG OBJECTEXTEND PRINT(.\Listings\wdt.lst) TABS(2) OBJECT(.\Objects\wdt.obj)

line level    source

   1          #include "MS51_16K.H"
   2          #include "wdt.h"
   3          
   4          void WDT_init(void)
   5          { 
   6   1        /*
   7   1         * Note: we have to enable the WDT hardware either through In-Application Programming (IAP) 
   8   1         * or by configuration bits during programming.
   9   1         */
  10   1        set_IAPEN;
  11   1        IAPAL = 0x04;
  12   1        IAPAH = 0x00;
  13   1        IAPFD = 0x0F;
  14   1        IAPCN = BYTE_PROGRAM_CONFIG;
  15   1        set_CFUEN;
  16   1        
  17   1        set_IAPGO;                                  //trigger IAP
  18   1        while((CHPCON&SET_BIT6)==SET_BIT6);         //check IAPFF (CHPCON.6)
  19   1        
  20   1        clr_CFUEN;
  21   1        clr_IAPEN;
  22   1        
  23   1        TA = 0xAA;
  24   1        TA = 0x55;
  25   1        WDCON = 0x07;                               //Setting WDT prescale 1/256 => 1.638 s
  26   1        
  27   1        set_WDCON_WDCLR;                            //Clear WDT timer
  28   1        while((WDCON | ~SET_BIT6) == 0xFF);         //confirm WDT clear is ok before into power down mode
  29   1        set_EA;
  30   1        set_WDCON_WDTR;                             //WDT run
  31   1      }


MODULE INFORMATION:   STATIC OVERLAYABLE
   CODE SIZE        =    174    ----
   CONSTANT SIZE    =   ----    ----
   XDATA SIZE       =   ----    ----
   PDATA SIZE       =   ----    ----
   DATA SIZE        =   ----    ----
   IDATA SIZE       =   ----    ----
   BIT SIZE         =   ----    ----
END OF MODULE INFORMATION.


C51 COMPILATION COMPLETE.  0 WARNING(S),  0 ERROR(S)
